<?xml version="1.0" encoding="utf-8" standalone="no"?>
<!--This file represents the results of running a test suite-->
<test-results name="C:\Users\dshultz\Documents\Visual Studio 2008\Projects\PathOfLeastResistance\PathOfLeastResistanceTests.nunit" total="11" errors="0" failures="0" not-run="0" inconclusive="0" ignored="0" skipped="0" invalid="0" date="2011-01-10" time="12:48:23">
  <environment nunit-version="2.5.8.10295" clr-version="2.0.50727.4200" os-version="Microsoft Windows NT 6.0.6002 Service Pack 2" platform="Win32NT" cwd="C:\Users\dshultz\Documents\Visual Studio 2008\Projects\PathOfLeastResistance" machine-name="E6500-HRANE" user="dshultz" user-domain="BRANDMUSCLE" />
  <culture-info current-culture="en-US" current-uiculture="en-US" />
  <test-suite type="Project" name="C:\Users\dshultz\Documents\Visual Studio 2008\Projects\PathOfLeastResistance\PathOfLeastResistanceTests.nunit" executed="True" result="Success" success="True" time="0.143" asserts="0">
    <results>
      <test-suite type="Assembly" name="C:\Users\dshultz\Documents\Visual Studio 2008\Projects\PathOfLeastResistance\PathOfLeastResistanceTests\bin\Debug\PathOfLeastResistanceTests.dll" executed="True" result="Success" success="True" time="0.136" asserts="0">
        <results>
          <test-suite type="Namespace" name="PathOfLeastResistanceTests" executed="True" result="Success" success="True" time="0.136" asserts="0">
            <results>
              <test-suite type="TestFixture" name="GridTests" executed="True" result="Success" success="True" time="0.111" asserts="0">
                <results>
                  <test-case name="PathOfLeastResistanceTests.GridTests.ArePathResultsComparedForEqualityProperly" executed="True" result="Success" success="True" time="0.016" asserts="1" />
                  <test-case name="PathOfLeastResistanceTests.GridTests.VerifyThatAGridCanTransformItselfIntoADataSet" executed="True" result="Success" success="True" time="0.080" asserts="10" />
                  <test-suite type="ParameterizedTest" name="VerifyThatTheWaterFindsThePathOfLeastResistance" executed="True" result="Success" success="True" time="0.003" asserts="0">
                    <results>
                      <test-case name="PathOfLeastResistanceTests.GridTests.6 x 3 grid test, with no negative numbers" executed="True" result="Success" success="True" time="0.002" asserts="1" />
                      <test-case name="PathOfLeastResistanceTests.GridTests.Single Column Grid with Single Negative Number" executed="True" result="Success" success="True" time="0.001" asserts="1" />
                      <test-case name="PathOfLeastResistanceTests.GridTests.5 x 5 grid to test column wrapping." executed="True" result="Success" success="True" time="0.000" asserts="1" />
                      <test-case name="PathOfLeastResistanceTests.GridTests.LeanDog Example One." executed="True" result="Success" success="True" time="0.000" asserts="1" />
                      <test-case name="PathOfLeastResistanceTests.GridTests.LeanDog Example Two." executed="True" result="Success" success="True" time="0.000" asserts="1" />
                      <test-case name="PathOfLeastResistanceTests.GridTests.LeanDog Failure Test Case From Document." executed="True" result="Success" success="True" time="0.000" asserts="1" />
                      <test-case name="PathOfLeastResistanceTests.GridTests.10 x 100 Grid Test Case." executed="True" result="Success" success="True" time="0.000" asserts="1" />
                    </results>
                  </test-suite>
                </results>
              </test-suite>
              <test-suite type="TestFixture" name="WaterTests" executed="True" result="Success" success="True" time="0.023" asserts="0">
                <results>
                  <test-case name="PathOfLeastResistanceTests.WaterTests.GivenThreePathsWaterWillTakeThePathOfLeastResistance" executed="True" result="Success" success="True" time="0.002" asserts="1" />
                  <test-case name="PathOfLeastResistanceTests.WaterTests.WaterThrowsResistanceTooHighExceptionWhenWatersResistanceIsTooHigh" executed="True" result="Success" success="True" time="0.001" asserts="1" />
                </results>
              </test-suite>
            </results>
          </test-suite>
        </results>
      </test-suite>
    </results>
  </test-suite>
</test-results>